<?xml version="1.0" encoding="UTF-8"?>
<!-- Generated by org.testng.reporters.JUnitReportReporter -->
<testsuite skipped="0" hostname="DESKTOP-42ER5TB" name="DemoRunner1" tests="1" failures="0" timestamp="18 Jul 2018 04:11:36 GMT" time="139.062" errors="0">
  <testcase name="test1" time="139.062" classname="DemoRunner1"/>
</testsuite> <!-- DemoRunner1 -->
